<?xml version="1.0" encoding="UTF-8"?>
<!-- Generated by org.testng.reporters.JUnitReportReporter -->
<testsuite hostname="DESKTOP-LIRMKI2" failures="0" tests="4" name="digitalWebSolution.ClickOnResourcesTab" time="35.478" errors="0" timestamp="2023-06-24T09:22:13 IST" skipped="0">
  <testcase classname="digitalWebSolution.ClickOnResourcesTab" name="ClickOnResourcestab" time="0.271"/>
  <testcase classname="digitalWebSolution.ClickOnResourcesTab" name="clickBlogLink" time="9.883"/>
  <testcase classname="digitalWebSolution.ClickOnResourcesTab" name="testimonialLink" time="16.500"/>
  <testcase classname="digitalWebSolution.ClickOnResourcesTab" name="sopLink" time="8.824"/>
</testsuite> <!-- digitalWebSolution.ClickOnResourcesTab -->
