<?xml version="1.0" encoding="UTF-8"?>
<!-- Generated by org.testng.reporters.JUnitReportReporter -->
<testsuite hostname="DESKTOP-LIRMKI2" failures="0" tests="4" name="digitalWebSolution.ClickOnDevelopmentTab" time="48.710" errors="0" timestamp="2023-06-23T16:41:08 IST" skipped="0">
  <testcase classname="digitalWebSolution.ClickOnDevelopmentTab" name="clickDevelopmentTab" time="0.233"/>
  <testcase classname="digitalWebSolution.ClickOnDevelopmentTab" name="clickWebDevelopmentLink" time="15.899"/>
  <testcase classname="digitalWebSolution.ClickOnDevelopmentTab" name="infoGraphicDesignLink" time="16.292"/>
  <testcase classname="digitalWebSolution.ClickOnDevelopmentTab" name="landingPageLink" time="16.286"/>
</testsuite> <!-- digitalWebSolution.ClickOnDevelopmentTab -->
