<?xml version="1.0" encoding="UTF-8"?>
<!-- Generated by org.testng.reporters.JUnitReportReporter -->
<testsuite hostname="DESKTOP-LIRMKI2" failures="0" tests="7" name="digitalWebSolution.ClickOnMarketingTab" time="249.157" errors="0" timestamp="2023-06-23T14:52:21 IST" skipped="0">
  <testcase classname="digitalWebSolution.ClickOnMarketingTab" name="digitalMarketing" time="50.757"/>
  <testcase classname="digitalWebSolution.ClickOnMarketingTab" name="sEo" time="35.962"/>
  <testcase classname="digitalWebSolution.ClickOnMarketingTab" name="eCommerceSEo" time="35.035"/>
  <testcase classname="digitalWebSolution.ClickOnMarketingTab" name="loaclSEO" time="36.257"/>
  <testcase classname="digitalWebSolution.ClickOnMarketingTab" name="payPerClick" time="27.390"/>
  <testcase classname="digitalWebSolution.ClickOnMarketingTab" name="bloggerOutReachService" time="18.852"/>
  <testcase classname="digitalWebSolution.ClickOnMarketingTab" name="blogContentWritingServices" time="44.904"/>
</testsuite> <!-- digitalWebSolution.ClickOnMarketingTab -->
