<?xml version="1.0" encoding="UTF-8"?>
<!-- Generated by org.testng.reporters.JUnitReportReporter -->
<testsuite hostname="DESKTOP-LIRMKI2" failures="0" tests="1" name="digitalWebSolution.LaunchURL" time="0.020" errors="0" timestamp="2023-06-20T10:21:32 IST" skipped="0">
  <testcase classname="digitalWebSolution.LaunchURL" name="launchURL" time="0.020"/>
</testsuite> <!-- digitalWebSolution.LaunchURL -->
