<?xml version="1.0" encoding="UTF-8"?>
<!-- Generated by org.testng.reporters.JUnitReportReporter -->
<testsuite hostname="DESKTOP-LIRMKI2" failures="0" tests="3" name="digitalWebSolution.ClickOnInterviewTab" time="67.542" errors="0" timestamp="2023-06-24T12:28:32 IST" skipped="0">
  <testcase classname="digitalWebSolution.ClickOnInterviewTab" name="ClickOnInterviewTabtab" time="29.520"/>
  <testcase classname="digitalWebSolution.ClickOnInterviewTab" name="clickChrisDreyer" time="25.247"/>
  <testcase classname="digitalWebSolution.ClickOnInterviewTab" name="clickTravis" time="12.775"/>
</testsuite> <!-- digitalWebSolution.ClickOnInterviewTab -->
