<?xml version="1.0" encoding="UTF-8"?>
<!-- Generated by org.testng.reporters.JUnitReportReporter -->
<testsuite hostname="DESKTOP-LIRMKI2" failures="0" tests="3" name="digitalWebSolution.ClickOnWhiteLabelSolution" time="25.769" errors="0" timestamp="2023-06-23T16:53:30 IST" skipped="0">
  <testcase classname="digitalWebSolution.ClickOnWhiteLabelSolution" name="ClickOnWhiteLabelSolution" time="0.281"/>
  <testcase classname="digitalWebSolution.ClickOnWhiteLabelSolution" name="clickOutsourcedDigitalMarketingServices" time="13.334"/>
  <testcase classname="digitalWebSolution.ClickOnWhiteLabelSolution" name="SeoReseller" time="12.154"/>
</testsuite> <!-- digitalWebSolution.ClickOnWhiteLabelSolution -->
